<?xml version="1.0" encoding="UTF-8" ?>
<testsuite failures="0" time="0.998" errors="0" skipped="0" tests="14" name="info.j3m.j3mParse.J3mParserImplTest">
  <properties>
[...]
</properties>
  <testcase time="0.584" classname="info.j3m.j3mParse.J3mParserImplTest" name="getLightMeterTest"/>
  <testcase time="0.099" classname="info.j3m.j3mParse.J3mParserImplTest" name="getGPSDataTest"/>
  <testcase time="0.057" classname="info.j3m.j3mParse.J3mParserImplTest" name="getPressureHPAOrMBARTest"/>
  <testcase time="0.065" classname="info.j3m.j3mParse.J3mParserImplTest" name="getAccelerometerTest"/>
  <testcase time="0.03" classname="info.j3m.j3mParse.J3mParserImplTest" name="getPressureAltitudeTest"/>
  <testcase time="0.027" classname="info.j3m.j3mParse.J3mParserImplTest" name="getVisibleWifiNetworksTest"/>
  <testcase time="0.023" classname="info.j3m.j3mParse.J3mParserImplTest" name="getGPSAccuracyTest"/>
  <testcase time="0.017" classname="info.j3m.j3mParse.J3mParserImplTest" name="getCellTowersTest"/>
  <testcase time="0.023" classname="info.j3m.j3mParse.J3mParserImplTest" name="getGPSCoordsTest"/>
  <testcase time="0.013" classname="info.j3m.j3mParse.J3mParserImplTest" name="getBlueToothDevicesTest"/>
  <testcase time="0.012" classname="info.j3m.j3mParse.J3mParserImplTest" name="getAppendedUserData"/>
  <testcase time="0.032" classname="info.j3m.j3mParse.J3mParserImplTest" name="getPitchRollAzimuthTest"/>
  <testcase time="0.007" classname="info.j3m.j3mParse.J3mParserImplTest" name="getHeaderTest"/>
  <testcase time="0.009" classname="info.j3m.j3mParse.J3mParserImplTest" name="getGPSBearingTest"/>
</testsuite>